0 info it worked if it ends with ok
1 verbose cli [ 'node', '/usr/local/bin/npm', 'install', '--save', 'ngCookies' ]
2 info using npm@1.4.21
3 info using node@v0.10.30
4 warn package.json angularsocketnode@0.0.0 No description
5 warn package.json angularsocketnode@0.0.0 No repository field.
6 warn package.json angularsocketnode@0.0.0 No README data
7 verbose readDependencies using package.json deps
8 verbose cache add [ 'ngCookies', null ]
9 verbose cache add name=undefined spec="ngCookies" args=["ngCookies",null]
10 verbose parsed url { protocol: null,
10 verbose parsed url   slashes: null,
10 verbose parsed url   auth: null,
10 verbose parsed url   host: null,
10 verbose parsed url   port: null,
10 verbose parsed url   hostname: null,
10 verbose parsed url   hash: null,
10 verbose parsed url   search: null,
10 verbose parsed url   query: null,
10 verbose parsed url   pathname: 'ngCookies',
10 verbose parsed url   path: 'ngCookies',
10 verbose parsed url   href: 'ngCookies' }
11 silly lockFile 584da53c-ngCookies ngCookies
12 verbose lock ngCookies /Users/jbruzek/.npm/584da53c-ngCookies.lock
13 silly lockFile 584da53c-ngCookies ngCookies
14 silly lockFile 584da53c-ngCookies ngCookies
15 verbose addNamed [ 'ngCookies', '' ]
16 verbose addNamed [ null, '*' ]
17 silly lockFile 7da90939-ngCookies ngCookies@
18 verbose lock ngCookies@ /Users/jbruzek/.npm/7da90939-ngCookies.lock
19 silly addNameRange { name: 'ngCookies', range: '*', hasData: false }
20 verbose request where is /ngCookies
21 verbose request registry https://registry.npmjs.org/
22 verbose request id 29971f8c7c0aa422
23 verbose url raw /ngCookies
24 verbose url resolving [ 'https://registry.npmjs.org/', './ngCookies' ]
25 verbose url resolved https://registry.npmjs.org/ngCookies
26 verbose request where is https://registry.npmjs.org/ngCookies
27 info trying registry request attempt 1 at 14:07:06
28 http GET https://registry.npmjs.org/ngCookies
29 http 404 https://registry.npmjs.org/ngCookies
30 verbose headers { date: 'Fri, 05 Sep 2014 18:07:06 GMT',
30 verbose headers   server: 'CouchDB/1.5.0 (Erlang OTP/R16B03)',
30 verbose headers   'content-type': 'application/json',
30 verbose headers   'cache-control': 'max-age=0',
30 verbose headers   'content-length': '52',
30 verbose headers   'accept-ranges': 'bytes',
30 verbose headers   via: '1.1 varnish',
30 verbose headers   age: '0',
30 verbose headers   'x-served-by': 'cache-iad2123-IAD',
30 verbose headers   'x-cache': 'MISS',
30 verbose headers   'x-cache-hits': '0',
30 verbose headers   'x-timer': 'S1409940426.171754,VS0,VE15',
30 verbose headers   'keep-alive': 'timeout=10, max=50',
30 verbose headers   connection: 'Keep-Alive' }
31 silly registry.get cb [ 404,
31 silly registry.get   { date: 'Fri, 05 Sep 2014 18:07:06 GMT',
31 silly registry.get     server: 'CouchDB/1.5.0 (Erlang OTP/R16B03)',
31 silly registry.get     'content-type': 'application/json',
31 silly registry.get     'cache-control': 'max-age=0',
31 silly registry.get     'content-length': '52',
31 silly registry.get     'accept-ranges': 'bytes',
31 silly registry.get     via: '1.1 varnish',
31 silly registry.get     age: '0',
31 silly registry.get     'x-served-by': 'cache-iad2123-IAD',
31 silly registry.get     'x-cache': 'MISS',
31 silly registry.get     'x-cache-hits': '0',
31 silly registry.get     'x-timer': 'S1409940426.171754,VS0,VE15',
31 silly registry.get     'keep-alive': 'timeout=10, max=50',
31 silly registry.get     connection: 'Keep-Alive' } ]
32 silly lockFile 7da90939-ngCookies ngCookies@
33 silly lockFile 7da90939-ngCookies ngCookies@
34 error 404 404 Not Found: ngCookies
34 error 404
34 error 404 'ngCookies' is not in the npm registry.
34 error 404 You should bug the author to publish it
34 error 404 It was specified as a dependency of 'angularsocketnode'
34 error 404
34 error 404 Note that you can also install from a
34 error 404 tarball, folder, or http url, or git url.
35 error System Darwin 13.3.0
36 error command "node" "/usr/local/bin/npm" "install" "--save" "ngCookies"
37 error cwd /Users/jbruzek/critisearch.org
38 error node -v v0.10.30
39 error npm -v 1.4.21
40 error code E404
41 verbose exit [ 1, true ]
